A D/a29k////
A D/aarch64////
A D/arc////
A D/avr////
A D/calmrisc16////
A D/calmrisc32////
A D/carp////
A D/convex////
A D/cra8500////
A D/cra8500dse////
A D/cra8500mte////
A D/cra8500pe////
A D/cris////
A D/cy16////
A D/d10v////
A D/d30v////
A D/delta////
A D/esa390////
A D/fr30////
A D/frv////
A D/gould////
A D/h8300////
A D/h8500////
A D/h8sx////
A D/i860////
A D/i960////
A D/ip////
A D/iq2000////
A D/m16c////
A D/m32c////
A D/m68hc11////
A D/mcore////
A D/mep////
A D/mn10200////
A D/mn10300////
A D/mrisc////
A D/ms1////
A D/mt////
A D/nios////
A D/none////
A D/ns32k////
A D/prism////
A D/pyr////
A D/romp////
A D/score////
A D/sh64////
A D/skeleton////
A D/sl////
A D/spu////
A D/stormy16////
A D/tahoe////
A D/tic80////
A D/v850////
A D/venus////
A D/vpe////
A D/w65////
A D/xstormy16////
A D/z8k////
R D/z8k////
R D/xstormy16////
R D/w65////
R D/vpe////
R D/venus////
R D/v850////
R D/tic80////
R D/tahoe////
R D/stormy16////
R D/spu////
R D/sl////
R D/skeleton////
R D/sh64////
R D/score////
R D/romp////
R D/pyr////
R D/prism////
R D/ns32k////
R D/none////
R D/nios////
R D/mt////
R D/ms1////
R D/mrisc////
R D/mn10300////
R D/mn10200////
R D/mep////
R D/mcore////
R D/m68hc11////
R D/m32c////
R D/m16c////
R D/iq2000////
R D/ip////
R D/i960////
R D/i860////
R D/h8sx////
R D/h8500////
R D/h8300////
R D/gould////
R D/frv////
R D/fr30////
R D/esa390////
R D/delta////
R D/d30v////
R D/d10v////
R D/cy16////
R D/cris////
R D/cra8500pe////
R D/cra8500mte////
R D/cra8500dse////
R D/cra8500////
R D/convex////
R D/carp////
R D/calmrisc32////
R D/calmrisc16////
R D/avr////
R D/arc////
R D/aarch64////
R D/a29k////
