A D/a29k////
A D/asvp////
A D/calmrisc16////
A D/calmrisc32////
A D/cra8500////
A D/cy16////
A D/delta////
A D/ex93x////
A D/h8300////
A D/hppro////
A D/i386-aout////
A D/ia64////
A D/idp////
A D/ip2k////
A D/ip4k////
A D/lib////
A D/mipsidt////
A D/mrisc1////
A D/ms1////
A D/mvme135////
A D/nds32////
A D/nios////
A D/ppcsim////
A D/prism////
A D/r3000////
A D/shared////
A D/sl////
A D/stormy16////
A D/tic80////
A D/venus////
A D/vpe4k////
R D/vpe4k////
R D/venus////
R D/tic80////
R D/stormy16////
R D/sl////
R D/shared////
R D/r3000////
R D/prism////
R D/ppcsim////
R D/nios////
R D/nds32////
R D/mvme135////
R D/ms1////
R D/mrisc1////
R D/mipsidt////
R D/lib////
R D/ip4k////
R D/ip2k////
R D/idp////
R D/ia64////
R D/i386-aout////
R D/hppro////
R D/h8300////
R D/ex93x////
R D/delta////
R D/cy16////
R D/cra8500////
R D/calmrisc32////
R D/calmrisc16////
R D/asvp////
R D/a29k////
