A D/OSE68000////
A D/OSE68k////
A D/calmrisc16////
A D/cygwin////
A D/cygwin32////
A D/fr30////
A D/frv////
A D/go32////
A D/idt////
A D/ip2k////
A D/m68kbare////
A D/mc68ec////
A D/sparc////
A D/sparclite////
A D/venus////
A D/vr4300////
A D/vxworks68////
A D/vxworks960////
A D/win32////
A D/xscale////
R D/xscale////
R D/win32////
R D/vxworks960////
R D/vxworks68////
R D/vr4300////
R D/venus////
R D/sparclite////
R D/sparc////
R D/mc68ec////
R D/m68kbare////
R D/ip2k////
R D/idt////
R D/go32////
R D/frv////
R D/fr30////
R D/cygwin32////
R D/cygwin////
R D/calmrisc16////
R D/OSE68k////
R D/OSE68000////
