A D/calmrisc16////
A D/calmrisc32////
A D/cra8500////
A D/cradle////
A D/cy16////
A D/delta////
A D/ip2k////
A D/ip4k////
A D/lmips////
A D/mrisc1////
A D/ms1////
A D/nds32////
A D/nios////
A D/nios2////
A D/r5900////
A D/r7900_BASE////
A D/sl////
A D/sparc32////
A D/sparclite////
A D/stormy16////
A D/strongarm2////
A D/venus////
A D/vpe2k////
A D/vpe4k////
R D/vpe4k////
R D/vpe2k////
R D/venus////
R D/strongarm2////
R D/stormy16////
R D/sparclite////
R D/sparc32////
R D/sl////
R D/r7900_BASE////
R D/r5900////
R D/nios2////
R D/nios////
R D/nds32////
R D/ms1////
R D/mrisc1////
R D/lmips////
R D/ip4k////
R D/ip2k////
R D/delta////
R D/cy16////
R D/cradle////
R D/cra8500////
R D/calmrisc32////
R D/calmrisc16////
