A D/1750a////
A D/a29k////
A D/arc////
A D/c4x////
A D/calmrisc16////
A D/calmrisc32////
A D/clipper////
A D/convex////
A D/cra8500////
A D/cradle////
A D/crusher////
A D/crx////
A D/cy16////
A D/d30v////
A D/delta////
A D/dsp16xx////
A D/elxsi////
A D/esa390////
A D/fx80////
A D/generic////
A D/gmicro////
A D/h8500////
A D/i370////
A D/i860////
A D/i960////
A D/ip2k////
A D/ip4k////
A D/jaguar////
A D/m68hc11////
A D/m88k////
A D/mn10200////
A D/mrisc1////
A D/ms1////
A D/msdos////
A D/mt////
A D/nds32////
A D/nios////
A D/ns32k////
A D/pj////
A D/prism////
A D/pyr////
A D/rce////
A D/romp////
A D/sl////
A D/soft-fp////
A D/spur////
A D/strongarm2////
A D/tahoe////
A D/tic80////
A D/tinyj////
A D/v850.no-cc0////
A D/venus////
A D/vpe2k////
A D/vpe4k////
A D/we32k////
A D/xscale////
A D/z8k////
R D/z8k////
R D/xscale////
R D/we32k////
R D/vpe4k////
R D/vpe2k////
R D/venus////
R D/v850.no-cc0////
R D/tinyj////
R D/tic80////
R D/tahoe////
R D/strongarm2////
R D/spur////
R D/soft-fp////
R D/sl////
R D/romp////
R D/rce////
R D/pyr////
R D/prism////
R D/pj////
R D/ns32k////
R D/nios////
R D/nds32////
R D/mt////
R D/msdos////
R D/ms1////
R D/mrisc1////
R D/mn10200////
R D/m88k////
R D/m68hc11////
R D/jaguar////
R D/ip4k////
R D/ip2k////
R D/i960////
R D/i860////
R D/i370////
R D/h8500////
R D/gmicro////
R D/generic////
R D/fx80////
R D/esa390////
R D/elxsi////
R D/dsp16xx////
R D/delta////
R D/d30v////
R D/cy16////
R D/crx////
R D/crusher////
R D/cradle////
R D/cra8500////
R D/convex////
R D/clipper////
R D/calmrisc32////
R D/calmrisc16////
R D/c4x////
R D/arc////
R D/a29k////
R D/1750a////
