A D/29k-share////
A D/chorusrdb-share////
A D/deblib////
A D/energize////
A D/gdbtcl////
A D/gdbtcl2////
A D/mswin////
A D/multi-ice////
A D/nindy-share////
A D/nlm////
A D/rdi-share////
A D/signals////
A D/sparclite////
A D/tests////
A D/vx-share////
R D/vx-share////
R D/tests////
R D/sparclite////
R D/signals////
R D/rdi-share////
R D/nlm////
R D/nindy-share////
R D/multi-ice////
R D/mswin////
R D/gdbtcl2////
R D/gdbtcl////
R D/energize////
R D/deblib////
R D/chorusrdb-share////
R D/29k-share////
